{"C:\\Users\\stive\\OneDrive\\Documentos\\6 SEMESTRE\\ROBIN-HOOT\\frontend\\src\\pages\\Dashboard.tsx": {"path":"C:\\Users\\stive\\OneDrive\\Documentos\\6 SEMESTRE\\ROBIN-HOOT\\frontend\\src\\pages\\Dashboard.tsx","statementMap":{"0":{"start":{"line":30,"column":18},"end":{"line":30,"column":null}},"1":{"start":{"line":31,"column":20},"end":{"line":31,"column":null}},"2":{"start":{"line":32,"column":28},"end":{"line":32,"column":null}},"3":{"start":{"line":33,"column":42},"end":{"line":33,"column":null}},"4":{"start":{"line":34,"column":28},"end":{"line":34,"column":null}},"5":{"start":{"line":35,"column":42},"end":{"line":35,"column":null}},"6":{"start":{"line":36,"column":24},"end":{"line":36,"column":null}},"7":{"start":{"line":37,"column":38},"end":{"line":37,"column":null}},"8":{"start":{"line":38,"column":36},"end":{"line":38,"column":null}},"9":{"start":{"line":40,"column":2},"end":{"line":60,"column":null}},"10":{"start":{"line":41,"column":24},"end":{"line":58,"column":null}},"11":{"start":{"line":42,"column":6},"end":{"line":57,"column":null}},"12":{"start":{"line":43,"column":43},"end":{"line":46,"column":null}},"13":{"start":{"line":48,"column":8},"end":{"line":48,"column":null}},"14":{"start":{"line":49,"column":8},"end":{"line":49,"column":null}},"15":{"start":{"line":51,"column":20},"end":{"line":51,"column":null}},"16":{"start":{"line":52,"column":8},"end":{"line":52,"column":null}},"17":{"start":{"line":53,"column":8},"end":{"line":53,"column":null}},"18":{"start":{"line":55,"column":8},"end":{"line":55,"column":null}},"19":{"start":{"line":56,"column":8},"end":{"line":56,"column":null}},"20":{"start":{"line":59,"column":4},"end":{"line":59,"column":null}},"21":{"start":{"line":63,"column":40},"end":{"line":63,"column":null}},"22":{"start":{"line":64,"column":34},"end":{"line":64,"column":null}},"23":{"start":{"line":67,"column":44},"end":{"line":67,"column":null}},"24":{"start":{"line":68,"column":34},"end":{"line":68,"column":null}},"25":{"start":{"line":69,"column":50},"end":{"line":69,"column":null}},"26":{"start":{"line":71,"column":32},"end":{"line":74,"column":null}},"27":{"start":{"line":72,"column":4},"end":{"line":72,"column":null}},"28":{"start":{"line":73,"column":4},"end":{"line":73,"column":null}},"29":{"start":{"line":76,"column":28},"end":{"line":90,"column":null}},"30":{"start":{"line":77,"column":4},"end":{"line":77,"column":null}},"31":{"start":{"line":78,"column":4},"end":{"line":78,"column":null}},"32":{"start":{"line":78,"column":28},"end":{"line":78,"column":null}},"33":{"start":{"line":79,"column":4},"end":{"line":79,"column":null}},"34":{"start":{"line":80,"column":4},"end":{"line":89,"column":null}},"35":{"start":{"line":81,"column":6},"end":{"line":81,"column":null}},"36":{"start":{"line":82,"column":6},"end":{"line":82,"column":null}},"37":{"start":{"line":83,"column":6},"end":{"line":83,"column":null}},"38":{"start":{"line":84,"column":6},"end":{"line":84,"column":null}},"39":{"start":{"line":86,"column":6},"end":{"line":86,"column":null}},"40":{"start":{"line":88,"column":6},"end":{"line":88,"column":null}},"41":{"start":{"line":92,"column":2},"end":{"line":124,"column":null}},"42":{"start":{"line":93,"column":24},"end":{"line":99,"column":null}},"43":{"start":{"line":94,"column":6},"end":{"line":94,"column":null}},"44":{"start":{"line":95,"column":6},"end":{"line":95,"column":null}},"45":{"start":{"line":96,"column":6},"end":{"line":98,"column":null}},"46":{"start":{"line":97,"column":8},"end":{"line":97,"column":null}},"47":{"start":{"line":101,"column":24},"end":{"line":104,"column":null}},"48":{"start":{"line":102,"column":6},"end":{"line":102,"column":null}},"49":{"start":{"line":103,"column":6},"end":{"line":103,"column":null}},"50":{"start":{"line":106,"column":28},"end":{"line":107,"column":null}},"51":{"start":{"line":109,"column":28},"end":{"line":111,"column":null}},"52":{"start":{"line":110,"column":6},"end":{"line":110,"column":null}},"53":{"start":{"line":113,"column":4},"end":{"line":113,"column":null}},"54":{"start":{"line":114,"column":4},"end":{"line":114,"column":null}},"55":{"start":{"line":115,"column":4},"end":{"line":115,"column":null}},"56":{"start":{"line":116,"column":4},"end":{"line":116,"column":null}},"57":{"start":{"line":118,"column":4},"end":{"line":123,"column":null}},"58":{"start":{"line":119,"column":6},"end":{"line":119,"column":null}},"59":{"start":{"line":120,"column":6},"end":{"line":120,"column":null}},"60":{"start":{"line":121,"column":6},"end":{"line":121,"column":null}},"61":{"start":{"line":122,"column":6},"end":{"line":122,"column":null}},"62":{"start":{"line":126,"column":28},"end":{"line":140,"column":null}},"63":{"start":{"line":127,"column":4},"end":{"line":127,"column":null}},"64":{"start":{"line":128,"column":4},"end":{"line":128,"column":null}},"65":{"start":{"line":131,"column":4},"end":{"line":139,"column":null}},"66":{"start":{"line":132,"column":6},"end":{"line":138,"column":null}},"67":{"start":{"line":133,"column":8},"end":{"line":136,"column":null}},"68":{"start":{"line":134,"column":10},"end":{"line":134,"column":null}},"69":{"start":{"line":135,"column":10},"end":{"line":135,"column":null}},"70":{"start":{"line":137,"column":8},"end":{"line":137,"column":null}},"71":{"start":{"line":142,"column":30},"end":{"line":145,"column":null}},"72":{"start":{"line":143,"column":4},"end":{"line":143,"column":null}},"73":{"start":{"line":144,"column":4},"end":{"line":144,"column":null}},"74":{"start":{"line":147,"column":31},"end":{"line":149,"column":null}},"75":{"start":{"line":148,"column":4},"end":{"line":148,"column":null}},"76":{"start":{"line":153,"column":28},"end":{"line":155,"column":null}},"77":{"start":{"line":154,"column":4},"end":{"line":154,"column":null}},"78":{"start":{"line":157,"column":29},"end":{"line":159,"column":null}},"79":{"start":{"line":158,"column":4},"end":{"line":158,"column":null}},"80":{"start":{"line":162,"column":26},"end":{"line":164,"column":null}},"81":{"start":{"line":163,"column":11},"end":{"line":163,"column":null}},"82":{"start":{"line":167,"column":25},"end":{"line":167,"column":null}},"83":{"start":{"line":168,"column":21},"end":{"line":168,"column":null}},"84":{"start":{"line":169,"column":26},"end":{"line":171,"column":null}},"85":{"start":{"line":170,"column":14},"end":{"line":170,"column":null}},"86":{"start":{"line":173,"column":2},"end":{"line":371,"column":null}},"87":{"start":{"line":290,"column":20},"end":{"line":312,"column":null}},"88":{"start":{"line":344,"column":53},"end":{"line":344,"column":null}},"89":{"start":{"line":352,"column":31},"end":{"line":352,"column":null}},"90":{"start":{"line":364,"column":81},"end":{"line":364,"column":108}}},"fnMap":{"0":{"name":"Dashboard","decl":{"start":{"line":29,"column":24},"end":{"line":29,"column":36}},"loc":{"start":{"line":29,"column":36},"end":{"line":373,"column":null}},"line":29},"1":{"name":"(anonymous_1)","decl":{"start":{"line":40,"column":12},"end":{"line":40,"column":18}},"loc":{"start":{"line":40,"column":18},"end":{"line":60,"column":5}},"line":40},"2":{"name":"(anonymous_2)","decl":{"start":{"line":41,"column":24},"end":{"line":41,"column":36}},"loc":{"start":{"line":41,"column":36},"end":{"line":58,"column":null}},"line":41},"3":{"name":"(anonymous_3)","decl":{"start":{"line":71,"column":32},"end":{"line":71,"column":38}},"loc":{"start":{"line":71,"column":38},"end":{"line":74,"column":null}},"line":71},"4":{"name":"(anonymous_4)","decl":{"start":{"line":76,"column":28},"end":{"line":76,"column":35}},"loc":{"start":{"line":76,"column":75},"end":{"line":90,"column":null}},"line":76},"5":{"name":"(anonymous_5)","decl":{"start":{"line":92,"column":12},"end":{"line":92,"column":18}},"loc":{"start":{"line":92,"column":18},"end":{"line":124,"column":5}},"line":92},"6":{"name":"(anonymous_6)","decl":{"start":{"line":93,"column":24},"end":{"line":93,"column":25}},"loc":{"start":{"line":93,"column":54},"end":{"line":99,"column":null}},"line":93},"7":{"name":"(anonymous_7)","decl":{"start":{"line":96,"column":17},"end":{"line":96,"column":23}},"loc":{"start":{"line":96,"column":23},"end":{"line":98,"column":9}},"line":96},"8":{"name":"(anonymous_8)","decl":{"start":{"line":101,"column":24},"end":{"line":101,"column":25}},"loc":{"start":{"line":101,"column":62},"end":{"line":104,"column":null}},"line":101},"9":{"name":"(anonymous_9)","decl":{"start":{"line":106,"column":28},"end":{"line":106,"column":34}},"loc":{"start":{"line":106,"column":34},"end":{"line":107,"column":null}},"line":106},"10":{"name":"(anonymous_10)","decl":{"start":{"line":109,"column":28},"end":{"line":109,"column":29}},"loc":{"start":{"line":109,"column":66},"end":{"line":111,"column":null}},"line":109},"11":{"name":"(anonymous_11)","decl":{"start":{"line":118,"column":11},"end":{"line":118,"column":17}},"loc":{"start":{"line":118,"column":17},"end":{"line":123,"column":null}},"line":118},"12":{"name":"(anonymous_12)","decl":{"start":{"line":126,"column":28},"end":{"line":126,"column":34}},"loc":{"start":{"line":126,"column":34},"end":{"line":140,"column":null}},"line":126},"13":{"name":"(anonymous_13)","decl":{"start":{"line":131,"column":15},"end":{"line":131,"column":21}},"loc":{"start":{"line":131,"column":21},"end":{"line":139,"column":7}},"line":131},"14":{"name":"(anonymous_14)","decl":{"start":{"line":132,"column":23},"end":{"line":132,"column":31}},"loc":{"start":{"line":132,"column":31},"end":{"line":138,"column":7}},"line":132},"15":{"name":"(anonymous_15)","decl":{"start":{"line":142,"column":30},"end":{"line":142,"column":36}},"loc":{"start":{"line":142,"column":36},"end":{"line":145,"column":null}},"line":142},"16":{"name":"(anonymous_16)","decl":{"start":{"line":147,"column":31},"end":{"line":147,"column":37}},"loc":{"start":{"line":147,"column":37},"end":{"line":149,"column":null}},"line":147},"17":{"name":"(anonymous_17)","decl":{"start":{"line":153,"column":28},"end":{"line":153,"column":34}},"loc":{"start":{"line":153,"column":34},"end":{"line":155,"column":null}},"line":153},"18":{"name":"(anonymous_18)","decl":{"start":{"line":157,"column":29},"end":{"line":157,"column":35}},"loc":{"start":{"line":157,"column":35},"end":{"line":159,"column":null}},"line":157},"19":{"name":"(anonymous_19)","decl":{"start":{"line":163,"column":4},"end":{"line":163,"column":5}},"loc":{"start":{"line":163,"column":11},"end":{"line":163,"column":null}},"line":163},"20":{"name":"(anonymous_20)","decl":{"start":{"line":170,"column":4},"end":{"line":170,"column":5}},"loc":{"start":{"line":170,"column":14},"end":{"line":170,"column":null}},"line":170},"21":{"name":"(anonymous_21)","decl":{"start":{"line":289,"column":33},"end":{"line":289,"column":34}},"loc":{"start":{"line":290,"column":20},"end":{"line":312,"column":null}},"line":290},"22":{"name":"(anonymous_22)","decl":{"start":{"line":344,"column":47},"end":{"line":344,"column":53}},"loc":{"start":{"line":344,"column":53},"end":{"line":344,"column":null}},"line":344},"23":{"name":"(anonymous_23)","decl":{"start":{"line":352,"column":24},"end":{"line":352,"column":25}},"loc":{"start":{"line":352,"column":31},"end":{"line":352,"column":null}},"line":352},"24":{"name":"(anonymous_24)","decl":{"start":{"line":364,"column":75},"end":{"line":364,"column":81}},"loc":{"start":{"line":364,"column":81},"end":{"line":364,"column":108}},"line":364}},"branchMap":{"0":{"loc":{"start":{"line":31,"column":20},"end":{"line":31,"column":null}},"type":"binary-expr","locations":[{"start":{"line":31,"column":20},"end":{"line":31,"column":51}},{"start":{"line":31,"column":51},"end":{"line":31,"column":80}},{"start":{"line":31,"column":80},"end":{"line":31,"column":110}},{"start":{"line":31,"column":110},"end":{"line":31,"column":null}}],"line":31},"1":{"loc":{"start":{"line":48,"column":19},"end":{"line":48,"column":36}},"type":"binary-expr","locations":[{"start":{"line":48,"column":19},"end":{"line":48,"column":34}},{"start":{"line":48,"column":34},"end":{"line":48,"column":36}}],"line":48},"2":{"loc":{"start":{"line":49,"column":26},"end":{"line":49,"column":43}},"type":"binary-expr","locations":[{"start":{"line":49,"column":26},"end":{"line":49,"column":41}},{"start":{"line":49,"column":41},"end":{"line":49,"column":43}}],"line":49},"3":{"loc":{"start":{"line":51,"column":20},"end":{"line":51,"column":null}},"type":"cond-expr","locations":[{"start":{"line":51,"column":43},"end":{"line":51,"column":57}},{"start":{"line":51,"column":57},"end":{"line":51,"column":null}}],"line":51},"4":{"loc":{"start":{"line":68,"column":55},"end":{"line":68,"column":76}},"type":"binary-expr","locations":[{"start":{"line":68,"column":55},"end":{"line":68,"column":74}},{"start":{"line":68,"column":74},"end":{"line":68,"column":76}}],"line":68},"5":{"loc":{"start":{"line":72,"column":18},"end":{"line":72,"column":39}},"type":"binary-expr","locations":[{"start":{"line":72,"column":18},"end":{"line":72,"column":37}},{"start":{"line":72,"column":37},"end":{"line":72,"column":39}}],"line":72},"6":{"loc":{"start":{"line":78,"column":4},"end":{"line":78,"column":null}},"type":"if","locations":[{"start":{"line":78,"column":4},"end":{"line":78,"column":null}},{"start":{},"end":{}}],"line":78},"7":{"loc":{"start":{"line":81,"column":36},"end":{"line":81,"column":65}},"type":"binary-expr","locations":[{"start":{"line":81,"column":36},"end":{"line":81,"column":52}},{"start":{"line":81,"column":52},"end":{"line":81,"column":65}}],"line":81},"8":{"loc":{"start":{"line":86,"column":12},"end":{"line":86,"column":77}},"type":"cond-expr","locations":[{"start":{"line":86,"column":35},"end":{"line":86,"column":49}},{"start":{"line":86,"column":49},"end":{"line":86,"column":77}}],"line":86},"9":{"loc":{"start":{"line":128,"column":42},"end":{"line":128,"column":71}},"type":"binary-expr","locations":[{"start":{"line":128,"column":42},"end":{"line":128,"column":58}},{"start":{"line":128,"column":58},"end":{"line":128,"column":71}}],"line":128},"10":{"loc":{"start":{"line":128,"column":79},"end":{"line":128,"column":108}},"type":"binary-expr","locations":[{"start":{"line":128,"column":79},"end":{"line":128,"column":98}},{"start":{"line":128,"column":98},"end":{"line":128,"column":108}}],"line":128},"11":{"loc":{"start":{"line":133,"column":8},"end":{"line":136,"column":null}},"type":"if","locations":[{"start":{"line":133,"column":8},"end":{"line":136,"column":null}},{"start":{},"end":{}}],"line":133},"12":{"loc":{"start":{"line":163,"column":28},"end":{"line":163,"column":null}},"type":"binary-expr","locations":[{"start":{"line":163,"column":28},"end":{"line":163,"column":44}},{"start":{"line":163,"column":44},"end":{"line":163,"column":null}}],"line":163},"13":{"loc":{"start":{"line":170,"column":34},"end":{"line":170,"column":null}},"type":"binary-expr","locations":[{"start":{"line":170,"column":34},"end":{"line":170,"column":50}},{"start":{"line":170,"column":50},"end":{"line":170,"column":null}}],"line":170},"14":{"loc":{"start":{"line":189,"column":17},"end":{"line":189,"column":46}},"type":"binary-expr","locations":[{"start":{"line":189,"column":17},"end":{"line":189,"column":36}},{"start":{"line":189,"column":36},"end":{"line":189,"column":46}}],"line":189},"15":{"loc":{"start":{"line":197,"column":104},"end":{"line":197,"column":128}},"type":"binary-expr","locations":[{"start":{"line":197,"column":104},"end":{"line":197,"column":123}},{"start":{"line":197,"column":123},"end":{"line":197,"column":128}}],"line":197},"16":{"loc":{"start":{"line":206,"column":13},"end":{"line":206,"column":null}},"type":"cond-expr","locations":[{"start":{"line":206,"column":35},"end":{"line":206,"column":59}},{"start":{"line":206,"column":59},"end":{"line":206,"column":null}}],"line":206},"17":{"loc":{"start":{"line":209,"column":13},"end":{"line":209,"column":null}},"type":"cond-expr","locations":[{"start":{"line":209,"column":35},"end":{"line":209,"column":55}},{"start":{"line":209,"column":55},"end":{"line":209,"column":null}}],"line":209},"18":{"loc":{"start":{"line":221,"column":70},"end":{"line":221,"column":139}},"type":"binary-expr","locations":[{"start":{"line":221,"column":70},"end":{"line":221,"column":99}},{"start":{"line":221,"column":99},"end":{"line":221,"column":126}},{"start":{"line":221,"column":126},"end":{"line":221,"column":139}}],"line":221},"19":{"loc":{"start":{"line":222,"column":72},"end":{"line":222,"column":98}},"type":"binary-expr","locations":[{"start":{"line":222,"column":72},"end":{"line":222,"column":88}},{"start":{"line":222,"column":88},"end":{"line":222,"column":98}}],"line":222},"20":{"loc":{"start":{"line":233,"column":9},"end":{"line":236,"column":null}},"type":"binary-expr","locations":[{"start":{"line":233,"column":9},"end":{"line":233,"column":null}},{"start":{"line":234,"column":10},"end":{"line":236,"column":null}}],"line":233},"21":{"loc":{"start":{"line":240,"column":7},"end":{"line":243,"column":null}},"type":"binary-expr","locations":[{"start":{"line":240,"column":7},"end":{"line":240,"column":null}},{"start":{"line":241,"column":8},"end":{"line":243,"column":null}}],"line":240},"22":{"loc":{"start":{"line":269,"column":13},"end":{"line":269,"column":null}},"type":"binary-expr","locations":[{"start":{"line":269,"column":13},"end":{"line":269,"column":24}},{"start":{"line":269,"column":24},"end":{"line":269,"column":null}}],"line":269},"23":{"loc":{"start":{"line":270,"column":13},"end":{"line":270,"column":null}},"type":"binary-expr","locations":[{"start":{"line":270,"column":13},"end":{"line":270,"column":22}},{"start":{"line":270,"column":22},"end":{"line":270,"column":null}}],"line":270},"24":{"loc":{"start":{"line":271,"column":13},"end":{"line":271,"column":null}},"type":"binary-expr","locations":[{"start":{"line":271,"column":13},"end":{"line":271,"column":25}},{"start":{"line":271,"column":25},"end":{"line":271,"column":35}},{"start":{"line":271,"column":35},"end":{"line":271,"column":null}}],"line":271},"25":{"loc":{"start":{"line":278,"column":15},"end":{"line":278,"column":null}},"type":"cond-expr","locations":[{"start":{"line":278,"column":37},"end":{"line":278,"column":88}},{"start":{"line":278,"column":88},"end":{"line":278,"column":null}}],"line":278},"26":{"loc":{"start":{"line":280,"column":13},"end":{"line":280,"column":null}},"type":"binary-expr","locations":[{"start":{"line":280,"column":13},"end":{"line":280,"column":31}},{"start":{"line":280,"column":31},"end":{"line":280,"column":null}}],"line":280},"27":{"loc":{"start":{"line":281,"column":13},"end":{"line":281,"column":null}},"type":"binary-expr","locations":[{"start":{"line":281,"column":13},"end":{"line":281,"column":29}},{"start":{"line":281,"column":29},"end":{"line":281,"column":null}}],"line":281},"28":{"loc":{"start":{"line":282,"column":13},"end":{"line":315,"column":null}},"type":"binary-expr","locations":[{"start":{"line":282,"column":13},"end":{"line":282,"column":32}},{"start":{"line":282,"column":32},"end":{"line":282,"column":null}},{"start":{"line":283,"column":14},"end":{"line":315,"column":null}}],"line":282},"29":{"loc":{"start":{"line":284,"column":17},"end":{"line":313,"column":null}},"type":"cond-expr","locations":[{"start":{"line":285,"column":18},"end":{"line":287,"column":null}},{"start":{"line":289,"column":18},"end":{"line":313,"column":null}}],"line":284},"30":{"loc":{"start":{"line":300,"column":32},"end":{"line":300,"column":null}},"type":"cond-expr","locations":[{"start":{"line":300,"column":46},"end":{"line":300,"column":87}},{"start":{"line":300,"column":87},"end":{"line":300,"column":null}}],"line":300},"31":{"loc":{"start":{"line":306,"column":27},"end":{"line":306,"column":46}},"type":"binary-expr","locations":[{"start":{"line":306,"column":27},"end":{"line":306,"column":44}},{"start":{"line":306,"column":44},"end":{"line":306,"column":46}}],"line":306},"32":{"loc":{"start":{"line":306,"column":48},"end":{"line":306,"column":73}},"type":"binary-expr","locations":[{"start":{"line":306,"column":48},"end":{"line":306,"column":71}},{"start":{"line":306,"column":71},"end":{"line":306,"column":73}}],"line":306},"33":{"loc":{"start":{"line":306,"column":86},"end":{"line":306,"column":105}},"type":"binary-expr","locations":[{"start":{"line":306,"column":86},"end":{"line":306,"column":103}},{"start":{"line":306,"column":103},"end":{"line":306,"column":105}}],"line":306},"34":{"loc":{"start":{"line":310,"column":25},"end":{"line":310,"column":43}},"type":"binary-expr","locations":[{"start":{"line":310,"column":25},"end":{"line":310,"column":41}},{"start":{"line":310,"column":41},"end":{"line":310,"column":43}}],"line":310},"35":{"loc":{"start":{"line":291,"column":27},"end":{"line":291,"column":null}},"type":"binary-expr","locations":[{"start":{"line":291,"column":27},"end":{"line":291,"column":45}},{"start":{"line":291,"column":45},"end":{"line":291,"column":null}}],"line":291},"36":{"loc":{"start":{"line":362,"column":15},"end":{"line":362,"column":null}},"type":"cond-expr","locations":[{"start":{"line":362,"column":36},"end":{"line":362,"column":53}},{"start":{"line":362,"column":53},"end":{"line":362,"column":null}}],"line":362}},"s":{"0":44,"1":44,"2":44,"3":44,"4":44,"5":44,"6":44,"7":44,"8":44,"9":44,"10":12,"11":12,"12":12,"13":11,"14":12,"15":1,"16":1,"17":1,"18":12,"19":12,"20":12,"21":44,"22":44,"23":44,"24":44,"25":44,"26":44,"27":4,"28":4,"29":44,"30":2,"31":2,"32":0,"33":2,"34":2,"35":2,"36":1,"37":1,"38":1,"39":1,"40":2,"41":44,"42":12,"43":1,"44":1,"45":1,"46":1,"47":12,"48":1,"49":1,"50":12,"51":12,"52":1,"53":12,"54":12,"55":12,"56":12,"57":12,"58":12,"59":12,"60":12,"61":12,"62":44,"63":2,"64":2,"65":2,"66":1,"67":1,"68":1,"69":1,"70":0,"71":44,"72":1,"73":1,"74":44,"75":1,"76":44,"77":1,"78":44,"79":1,"80":44,"81":27,"82":44,"83":44,"84":44,"85":1,"86":44,"87":2,"88":0,"89":2,"90":2},"f":{"0":44,"1":12,"2":12,"3":4,"4":2,"5":12,"6":1,"7":1,"8":1,"9":1,"10":1,"11":12,"12":2,"13":1,"14":1,"15":1,"16":1,"17":1,"18":1,"19":27,"20":1,"21":2,"22":0,"23":2,"24":2},"b":{"0":[44,44,44,44],"1":[11,0],"2":[12,0],"3":[0,1],"4":[44,0],"5":[4,0],"6":[0,2],"7":[2,0],"8":[0,1],"9":[2,0],"10":[2,0],"11":[1,0],"12":[27,0],"13":[1,0],"14":[44,0],"15":[44,16],"16":[27,16],"17":[27,16],"18":[44,0,0],"19":[44,0],"20":[44,0],"21":[44,0],"22":[44,15],"23":[44,1],"24":[44,28,27],"25":[1,42],"26":[44,15],"27":[44,1],"28":[44,28,27],"29":[26,1],"30":[1,1],"31":[2,0],"32":[2,0],"33":[2,0],"34":[2,0],"35":[2,0],"36":[2,41]},"meta":{"lastBranch":37,"lastFunction":25,"lastStatement":91,"seen":{"f:29:24:29:36":0,"s:30:18:30:Infinity":0,"s:31:20:31:Infinity":1,"b:31:20:31:51:31:51:31:80:31:80:31:110:31:110:31:Infinity":0,"s:32:28:32:Infinity":2,"s:33:42:33:Infinity":3,"s:34:28:34:Infinity":4,"s:35:42:35:Infinity":5,"s:36:24:36:Infinity":6,"s:37:38:37:Infinity":7,"s:38:36:38:Infinity":8,"s:40:2:60:Infinity":9,"f:40:12:40:18":1,"s:41:24:58:Infinity":10,"f:41:24:41:36":2,"s:42:6:57:Infinity":11,"s:43:43:46:Infinity":12,"s:48:8:48:Infinity":13,"b:48:19:48:34:48:34:48:36":1,"s:49:8:49:Infinity":14,"b:49:26:49:41:49:41:49:43":2,"s:51:20:51:Infinity":15,"b:51:43:51:57:51:57:51:Infinity":3,"s:52:8:52:Infinity":16,"s:53:8:53:Infinity":17,"s:55:8:55:Infinity":18,"s:56:8:56:Infinity":19,"s:59:4:59:Infinity":20,"s:63:40:63:Infinity":21,"s:64:34:64:Infinity":22,"s:67:44:67:Infinity":23,"s:68:34:68:Infinity":24,"b:68:55:68:74:68:74:68:76":4,"s:69:50:69:Infinity":25,"s:71:32:74:Infinity":26,"f:71:32:71:38":3,"s:72:4:72:Infinity":27,"b:72:18:72:37:72:37:72:39":5,"s:73:4:73:Infinity":28,"s:76:28:90:Infinity":29,"f:76:28:76:35":4,"s:77:4:77:Infinity":30,"b:78:4:78:Infinity:undefined:undefined:undefined:undefined":6,"s:78:4:78:Infinity":31,"s:78:28:78:Infinity":32,"s:79:4:79:Infinity":33,"s:80:4:89:Infinity":34,"s:81:6:81:Infinity":35,"b:81:36:81:52:81:52:81:65":7,"s:82:6:82:Infinity":36,"s:83:6:83:Infinity":37,"s:84:6:84:Infinity":38,"s:86:6:86:Infinity":39,"b:86:35:86:49:86:49:86:77":8,"s:88:6:88:Infinity":40,"s:92:2:124:Infinity":41,"f:92:12:92:18":5,"s:93:24:99:Infinity":42,"f:93:24:93:25":6,"s:94:6:94:Infinity":43,"s:95:6:95:Infinity":44,"s:96:6:98:Infinity":45,"f:96:17:96:23":7,"s:97:8:97:Infinity":46,"s:101:24:104:Infinity":47,"f:101:24:101:25":8,"s:102:6:102:Infinity":48,"s:103:6:103:Infinity":49,"s:106:28:107:Infinity":50,"f:106:28:106:34":9,"s:109:28:111:Infinity":51,"f:109:28:109:29":10,"s:110:6:110:Infinity":52,"s:113:4:113:Infinity":53,"s:114:4:114:Infinity":54,"s:115:4:115:Infinity":55,"s:116:4:116:Infinity":56,"s:118:4:123:Infinity":57,"f:118:11:118:17":11,"s:119:6:119:Infinity":58,"s:120:6:120:Infinity":59,"s:121:6:121:Infinity":60,"s:122:6:122:Infinity":61,"s:126:28:140:Infinity":62,"f:126:28:126:34":12,"s:127:4:127:Infinity":63,"s:128:4:128:Infinity":64,"b:128:42:128:58:128:58:128:71":9,"b:128:79:128:98:128:98:128:108":10,"s:131:4:139:Infinity":65,"f:131:15:131:21":13,"s:132:6:138:Infinity":66,"f:132:23:132:31":14,"b:133:8:136:Infinity:undefined:undefined:undefined:undefined":11,"s:133:8:136:Infinity":67,"s:134:10:134:Infinity":68,"s:135:10:135:Infinity":69,"s:137:8:137:Infinity":70,"s:142:30:145:Infinity":71,"f:142:30:142:36":15,"s:143:4:143:Infinity":72,"s:144:4:144:Infinity":73,"s:147:31:149:Infinity":74,"f:147:31:147:37":16,"s:148:4:148:Infinity":75,"s:153:28:155:Infinity":76,"f:153:28:153:34":17,"s:154:4:154:Infinity":77,"s:157:29:159:Infinity":78,"f:157:29:157:35":18,"s:158:4:158:Infinity":79,"s:162:26:164:Infinity":80,"f:163:4:163:5":19,"s:163:11:163:Infinity":81,"b:163:28:163:44:163:44:163:Infinity":12,"s:167:25:167:Infinity":82,"s:168:21:168:Infinity":83,"s:169:26:171:Infinity":84,"f:170:4:170:5":20,"s:170:14:170:Infinity":85,"b:170:34:170:50:170:50:170:Infinity":13,"s:173:2:371:Infinity":86,"b:189:17:189:36:189:36:189:46":14,"b:197:104:197:123:197:123:197:128":15,"b:206:35:206:59:206:59:206:Infinity":16,"b:209:35:209:55:209:55:209:Infinity":17,"b:221:70:221:99:221:99:221:126:221:126:221:139":18,"b:222:72:222:88:222:88:222:98":19,"b:233:9:233:Infinity:234:10:236:Infinity":20,"b:240:7:240:Infinity:241:8:243:Infinity":21,"b:269:13:269:24:269:24:269:Infinity":22,"b:270:13:270:22:270:22:270:Infinity":23,"b:271:13:271:25:271:25:271:35:271:35:271:Infinity":24,"b:278:37:278:88:278:88:278:Infinity":25,"b:280:13:280:31:280:31:280:Infinity":26,"b:281:13:281:29:281:29:281:Infinity":27,"b:282:13:282:32:282:32:282:Infinity:283:14:315:Infinity":28,"b:285:18:287:Infinity:289:18:313:Infinity":29,"f:289:33:289:34":21,"s:290:20:312:Infinity":87,"b:300:46:300:87:300:87:300:Infinity":30,"b:306:27:306:44:306:44:306:46":31,"b:306:48:306:71:306:71:306:73":32,"b:306:86:306:103:306:103:306:105":33,"b:310:25:310:41:310:41:310:43":34,"b:291:27:291:45:291:45:291:Infinity":35,"f:344:47:344:53":22,"s:344:53:344:Infinity":88,"f:352:24:352:25":23,"s:352:31:352:Infinity":89,"b:362:36:362:53:362:53:362:Infinity":36,"f:364:75:364:81":24,"s:364:81:364:108":90},"fnNames":{}}}
,"C:\\Users\\stive\\OneDrive\\Documentos\\6 SEMESTRE\\ROBIN-HOOT\\frontend\\src\\pages\\LandingPage.tsx": {"path":"C:\\Users\\stive\\OneDrive\\Documentos\\6 SEMESTRE\\ROBIN-HOOT\\frontend\\src\\pages\\LandingPage.tsx","statementMap":{"0":{"start":{"line":14,"column":18},"end":{"line":14,"column":null}},"1":{"start":{"line":15,"column":8},"end":{"line":15,"column":null}},"2":{"start":{"line":16,"column":30},"end":{"line":16,"column":null}},"3":{"start":{"line":18,"column":2},"end":{"line":22,"column":null}},"4":{"start":{"line":19,"column":4},"end":{"line":21,"column":null}},"5":{"start":{"line":20,"column":6},"end":{"line":20,"column":null}},"6":{"start":{"line":24,"column":2},"end":{"line":161,"column":null}},"7":{"start":{"line":70,"column":29},"end":{"line":70,"column":null}},"8":{"start":{"line":88,"column":44},"end":{"line":88,"column":64}}},"fnMap":{"0":{"name":"LandingPage","decl":{"start":{"line":13,"column":24},"end":{"line":13,"column":38}},"loc":{"start":{"line":13,"column":38},"end":{"line":163,"column":null}},"line":13},"1":{"name":"(anonymous_1)","decl":{"start":{"line":18,"column":12},"end":{"line":18,"column":18}},"loc":{"start":{"line":18,"column":18},"end":{"line":22,"column":5}},"line":18},"2":{"name":"(anonymous_2)","decl":{"start":{"line":70,"column":23},"end":{"line":70,"column":29}},"loc":{"start":{"line":70,"column":29},"end":{"line":70,"column":null}},"line":70},"3":{"name":"(anonymous_3)","decl":{"start":{"line":88,"column":38},"end":{"line":88,"column":44}},"loc":{"start":{"line":88,"column":44},"end":{"line":88,"column":64}},"line":88}},"branchMap":{"0":{"loc":{"start":{"line":19,"column":4},"end":{"line":21,"column":null}},"type":"if","locations":[{"start":{"line":19,"column":4},"end":{"line":21,"column":null}},{"start":{},"end":{}}],"line":19},"1":{"loc":{"start":{"line":54,"column":13},"end":{"line":65,"column":null}},"type":"cond-expr","locations":[{"start":{"line":55,"column":14},"end":{"line":59,"column":null}},{"start":{"line":61,"column":14},"end":{"line":65,"column":null}}],"line":54},"2":{"loc":{"start":{"line":88,"column":7},"end":{"line":88,"column":null}},"type":"binary-expr","locations":[{"start":{"line":88,"column":7},"end":{"line":88,"column":19}},{"start":{"line":88,"column":19},"end":{"line":88,"column":null}}],"line":88}},"s":{"0":5,"1":5,"2":5,"3":5,"4":3,"5":1,"6":5,"7":1,"8":1},"f":{"0":5,"1":3,"2":1,"3":1},"b":{"0":[1,2],"1":[1,4],"2":[5,1]},"meta":{"lastBranch":3,"lastFunction":4,"lastStatement":9,"seen":{"f:13:24:13:38":0,"s:14:18:14:Infinity":0,"s:15:8:15:Infinity":1,"s:16:30:16:Infinity":2,"s:18:2:22:Infinity":3,"f:18:12:18:18":1,"b:19:4:21:Infinity:undefined:undefined:undefined:undefined":0,"s:19:4:21:Infinity":4,"s:20:6:20:Infinity":5,"s:24:2:161:Infinity":6,"b:55:14:59:Infinity:61:14:65:Infinity":1,"f:70:23:70:29":2,"s:70:29:70:Infinity":7,"b:88:7:88:19:88:19:88:Infinity":2,"f:88:38:88:44":3,"s:88:44:88:64":8},"fnNames":{}}}
,"C:\\Users\\stive\\OneDrive\\Documentos\\6 SEMESTRE\\ROBIN-HOOT\\frontend\\src\\pages\\LoginPage.tsx": {"path":"C:\\Users\\stive\\OneDrive\\Documentos\\6 SEMESTRE\\ROBIN-HOOT\\frontend\\src\\pages\\LoginPage.tsx","statementMap":{"0":{"start":{"line":13,"column":20},"end":{"line":22,"column":null}},"1":{"start":{"line":28,"column":8},"end":{"line":28,"column":null}},"2":{"start":{"line":29,"column":16},"end":{"line":29,"column":null}},"3":{"start":{"line":36,"column":2},"end":{"line":38,"column":null}},"4":{"start":{"line":40,"column":19},"end":{"line":52,"column":null}},"5":{"start":{"line":41,"column":4},"end":{"line":51,"column":null}},"6":{"start":{"line":42,"column":6},"end":{"line":42,"column":null}},"7":{"start":{"line":43,"column":6},"end":{"line":43,"column":null}},"8":{"start":{"line":44,"column":6},"end":{"line":44,"column":null}},"9":{"start":{"line":46,"column":27},"end":{"line":46,"column":null}},"10":{"start":{"line":47,"column":6},"end":{"line":47,"column":null}},"11":{"start":{"line":48,"column":6},"end":{"line":50,"column":null}},"12":{"start":{"line":54,"column":2},"end":{"line":118,"column":null}}},"fnMap":{"0":{"name":"LoginPage","decl":{"start":{"line":27,"column":24},"end":{"line":27,"column":36}},"loc":{"start":{"line":27,"column":36},"end":{"line":120,"column":null}},"line":27},"1":{"name":"(anonymous_1)","decl":{"start":{"line":40,"column":19},"end":{"line":40,"column":26}},"loc":{"start":{"line":40,"column":64},"end":{"line":52,"column":null}},"line":40}},"branchMap":{"0":{"loc":{"start":{"line":46,"column":27},"end":{"line":46,"column":null}},"type":"cond-expr","locations":[{"start":{"line":46,"column":50},"end":{"line":46,"column":64}},{"start":{"line":46,"column":64},"end":{"line":46,"column":null}}],"line":46},"1":{"loc":{"start":{"line":73,"column":13},"end":{"line":86,"column":null}},"type":"binary-expr","locations":[{"start":{"line":73,"column":13},"end":{"line":73,"column":null}},{"start":{"line":74,"column":14},"end":{"line":86,"column":null}}],"line":73}},"s":{"0":1,"1":23,"2":23,"3":23,"4":23,"5":3,"6":3,"7":1,"8":1,"9":2,"10":2,"11":2,"12":23},"f":{"0":23,"1":3},"b":{"0":[1,1],"1":[23,4]},"meta":{"lastBranch":2,"lastFunction":2,"lastStatement":13,"seen":{"s:13:20:22:Infinity":0,"f:27:24:27:36":0,"s:28:8:28:Infinity":1,"s:29:16:29:Infinity":2,"s:36:2:38:Infinity":3,"s:40:19:52:Infinity":4,"f:40:19:40:26":1,"s:41:4:51:Infinity":5,"s:42:6:42:Infinity":6,"s:43:6:43:Infinity":7,"s:44:6:44:Infinity":8,"s:46:27:46:Infinity":9,"b:46:50:46:64:46:64:46:Infinity":0,"s:47:6:47:Infinity":10,"s:48:6:50:Infinity":11,"s:54:2:118:Infinity":12,"b:73:13:73:Infinity:74:14:86:Infinity":1},"fnNames":{}}}
}
